<?xml version="1.0" encoding="UTF-8"?>
<!-- Generated by org.testng.reporters.JUnitXMLReporter -->
<testsuite hostname="hp-PC" ignored="2" name="Chrome" tests="4" failures="0" timestamp="31 Jan 2021 12:46:01 GMT" time="3.03" errors="0">
  <testcase name="@BeforeMethod setUp" time="0.583" classname="utilities.SalesForceSpecificMethods">
    <failure type="java.lang.NullPointerException">
      <![CDATA[java.lang.NullPointerException
at baseClasses.ActionSpecificBaseMethods.enterValues(ActionSpecificBaseMethods.java:208)
at mySalesforcePages.LoginPage.enterUsername(LoginPage.java:14)
at utilities.SalesForceSpecificMethods.setUp(SalesForceSpecificMethods.java:33)
... Removed 28 stack frames]]>
    </failure>
  </testcase> <!-- @BeforeMethod setUp -->
  <testcase name="@AfterMethod logout" time="0.076" classname="utilities.SalesForceSpecificMethods">
    <failure type="java.lang.NullPointerException">
      <![CDATA[java.lang.NullPointerException
at baseClasses.ActionSpecificBaseMethods.logoutMyApp(ActionSpecificBaseMethods.java:81)
at utilities.SalesForceSpecificMethods.logout(SalesForceSpecificMethods.java:41)
... Removed 28 stack frames]]>
    </failure>
  </testcase> <!-- @AfterMethod logout -->
  <testcase name="@BeforeMethod setUp" time="0.121" classname="utilities.SalesForceSpecificMethods">
    <failure type="java.lang.NullPointerException">
      <![CDATA[java.lang.NullPointerException
at baseClasses.ActionSpecificBaseMethods.enterValues(ActionSpecificBaseMethods.java:208)
at mySalesforcePages.LoginPage.enterUsername(LoginPage.java:14)
at utilities.SalesForceSpecificMethods.setUp(SalesForceSpecificMethods.java:33)
... Removed 28 stack frames]]>
    </failure>
  </testcase> <!-- @BeforeMethod setUp -->
  <testcase name="@AfterMethod logout" time="0.008" classname="utilities.SalesForceSpecificMethods">
    <failure type="java.lang.NullPointerException">
      <![CDATA[java.lang.NullPointerException
at baseClasses.ActionSpecificBaseMethods.logoutMyApp(ActionSpecificBaseMethods.java:81)
at utilities.SalesForceSpecificMethods.logout(SalesForceSpecificMethods.java:41)
... Removed 28 stack frames]]>
    </failure>
  </testcase> <!-- @AfterMethod logout -->
  <testcase name="@BeforeMethod setUp" time="0.128" classname="utilities.SalesForceSpecificMethods">
    <failure type="java.lang.NullPointerException">
      <![CDATA[java.lang.NullPointerException
at baseClasses.ActionSpecificBaseMethods.enterValues(ActionSpecificBaseMethods.java:208)
at mySalesforcePages.LoginPage.enterUsername(LoginPage.java:14)
at utilities.SalesForceSpecificMethods.setUp(SalesForceSpecificMethods.java:33)
... Removed 28 stack frames]]>
    </failure>
  </testcase> <!-- @BeforeMethod setUp -->
  <testcase name="@AfterMethod logout" time="0.031" classname="utilities.SalesForceSpecificMethods">
    <failure type="java.lang.NullPointerException">
      <![CDATA[java.lang.NullPointerException
at baseClasses.ActionSpecificBaseMethods.logoutMyApp(ActionSpecificBaseMethods.java:81)
at utilities.SalesForceSpecificMethods.logout(SalesForceSpecificMethods.java:41)
... Removed 28 stack frames]]>
    </failure>
  </testcase> <!-- @AfterMethod logout -->
  <testcase name="@BeforeMethod setUp" time="0.103" classname="utilities.SalesForceSpecificMethods">
    <failure type="java.lang.NullPointerException">
      <![CDATA[java.lang.NullPointerException
at baseClasses.ActionSpecificBaseMethods.enterValues(ActionSpecificBaseMethods.java:208)
at mySalesforcePages.LoginPage.enterUsername(LoginPage.java:14)
at utilities.SalesForceSpecificMethods.setUp(SalesForceSpecificMethods.java:33)
... Removed 28 stack frames]]>
    </failure>
  </testcase> <!-- @BeforeMethod setUp -->
  <testcase name="@AfterMethod logout" time="0.013" classname="utilities.SalesForceSpecificMethods">
    <failure type="java.lang.NullPointerException">
      <![CDATA[java.lang.NullPointerException
at baseClasses.ActionSpecificBaseMethods.logoutMyApp(ActionSpecificBaseMethods.java:81)
at utilities.SalesForceSpecificMethods.logout(SalesForceSpecificMethods.java:41)
... Removed 28 stack frames]]>
    </failure>
  </testcase> <!-- @AfterMethod logout -->
  <testcase name="createOpportunityWithoutMandatoryFields" time="0.0" classname="module1_Opportunity_Module.CreateOpportunityWithoutMandatoryFields">
    <skipped/>
  </testcase> <!-- createOpportunityWithoutMandatoryFields -->
  <testcase name="createOpportunityWithoutMandatoryFields" time="0.0" classname="module1_Opportunity_Module.CreateOpportunityWithoutMandatoryFields">
    <skipped/>
  </testcase> <!-- createOpportunityWithoutMandatoryFields -->
  <testcase name="sortOpportunity" time="0.0" classname="module1_Opportunity_Module.SortOpportunity">
    <skipped/>
  </testcase> <!-- sortOpportunity -->
  <testcase name="sortOpportunity" time="0.0" classname="module1_Opportunity_Module.SortOpportunity">
    <skipped/>
  </testcase> <!-- sortOpportunity -->
  <testcase name="editOpportunity" time="0.0" classname="module1_Opportunity_Module.EditOpportunity">
    <ignored/>
  </testcase> <!-- editOpportunity -->
  <testcase name="createOpportunity" time="0.0" classname="module1_Opportunity_Module.CreateOpportunity">
    <ignored/>
  </testcase> <!-- createOpportunity -->
</testsuite> <!-- Chrome -->
