<?xml version="1.0" encoding="UTF-8"?>
<!-- Generated by org.testng.reporters.JUnitXMLReporter -->
<testsuite hostname="hp-PC" ignored="2" name="Edge" tests="2" failures="0" timestamp="2021-01-10T23:10:32 IST" time="147.997" errors="0">
  <testcase name="editOpportunity" time="22.569" classname="opportunityModuleTestNG.OpportunityModule"/>
  <testcase name="deleteOpportunity" time="14.133" classname="opportunityModuleTestNG.OpportunityModule"/>
  <testcase name="createOpportunity" time="0.0" classname="opportunityModuleTestNG.OpportunityModule">
    <ignored/>
  </testcase> <!-- createOpportunity -->
  <testcase name="createOpportunityWithoutMandatoryFields" time="0.0" classname="opportunityModuleTestNG.OpportunityModule">
    <ignored/>
  </testcase> <!-- createOpportunityWithoutMandatoryFields -->
</testsuite> <!-- Edge -->
