<?xml version="1.0" encoding="UTF-8"?>
<!-- Generated by org.testng.reporters.JUnitXMLReporter -->
<testsuite hostname="hp-PC" ignored="2" name="Firefox" tests="2" failures="0" timestamp="2021-01-10T23:08:04 IST" time="146.51" errors="0">
  <testcase name="editOpportunity" time="20.136" classname="opportunityModuleTestNG.OpportunityModule"/>
  <testcase name="deleteOpportunity" time="15.4" classname="opportunityModuleTestNG.OpportunityModule"/>
  <testcase name="createOpportunity" time="0.0" classname="opportunityModuleTestNG.OpportunityModule">
    <ignored/>
  </testcase> <!-- createOpportunity -->
  <testcase name="createOpportunityWithoutMandatoryFields" time="0.0" classname="opportunityModuleTestNG.OpportunityModule">
    <ignored/>
  </testcase> <!-- createOpportunityWithoutMandatoryFields -->
</testsuite> <!-- Firefox -->
