<?xml version="1.0" encoding="UTF-8"?>
<testng-results skipped="0" failed="0" ignored="0" total="1" passed="1">
  <reporter-output>
  </reporter-output>
  <suite name="Default suite" duration-ms="69531" started-at="2021-02-14T11:42:42Z" finished-at="2021-02-14T11:43:52Z">
    <groups>
      <group name="cucumber">
        <method signature="AbstractTestNGCucumberTests.runScenario(io.cucumber.testng.PickleWrapper, io.cucumber.testng.FeatureWrapper)[pri:0, instance:runnerForServiceAppointment.RunnerForServiceAppointment@5025a98f]" name="runScenario" class="io.cucumber.testng.AbstractTestNGCucumberTests"/>
      </group> <!-- cucumber -->
    </groups>
    <test name="Default test" duration-ms="69531" started-at="2021-02-14T11:42:42Z" finished-at="2021-02-14T11:43:52Z">
      <class name="runnerForServiceAppointment.RunnerForServiceAppointment">
        <test-method status="PASS" signature="setUpClass()[pri:0, instance:runnerForServiceAppointment.RunnerForServiceAppointment@5025a98f]" name="setUpClass" is-config="true" duration-ms="2376" started-at="2021-02-14T11:42:42Z" finished-at="2021-02-14T11:42:45Z">
          <reporter-output>
          </reporter-output>
        </test-method> <!-- setUpClass -->
        <test-method status="PASS" signature="runScenario(io.cucumber.testng.PickleWrapper, io.cucumber.testng.FeatureWrapper)[pri:0, instance:runnerForServiceAppointment.RunnerForServiceAppointment@5025a98f]" name="runScenario" duration-ms="66997" started-at="2021-02-14T11:42:45Z" description="Runs Cucumber Scenarios" data-provider="scenarios" finished-at="2021-02-14T11:43:52Z">
          <params>
            <param index="0">
              <value>
                <![CDATA["Create New Service Appointment"]]>
              </value>
            </param>
            <param index="1">
              <value>
                <![CDATA["Optional[I want to test the Create New Service Appointment in Salesforce application]"]]>
              </value>
            </param>
          </params>
          <reporter-output>
          </reporter-output>
        </test-method> <!-- runScenario -->
        <test-method status="PASS" signature="tearDownClass()[pri:0, instance:runnerForServiceAppointment.RunnerForServiceAppointment@5025a98f]" name="tearDownClass" is-config="true" duration-ms="84" started-at="2021-02-14T11:43:52Z" finished-at="2021-02-14T11:43:52Z">
          <reporter-output>
          </reporter-output>
        </test-method> <!-- tearDownClass -->
      </class> <!-- runnerForServiceAppointment.RunnerForServiceAppointment -->
    </test> <!-- Default test -->
  </suite> <!-- Default suite -->
</testng-results>
